[debug] [2023-04-21T11:08:13.914Z] ----------------------------------------------------------------------
[debug] [2023-04-21T11:08:13.916Z] Command:       C:\Program Files\nodejs\node.exe C:\Users\Pratik\AppData\Roaming\npm\node_modules\firebase-tools\lib\bin\firebase.js init
[debug] [2023-04-21T11:08:13.917Z] CLI Version:   11.28.0
[debug] [2023-04-21T11:08:13.917Z] Platform:      win32
[debug] [2023-04-21T11:08:13.917Z] Node Version:  v18.13.0
[debug] [2023-04-21T11:08:13.918Z] Time:          Fri Apr 21 2023 16:38:13 GMT+0530 (India Standard Time)
[debug] [2023-04-21T11:08:13.918Z] ----------------------------------------------------------------------
[debug] 
[debug] [2023-04-21T11:08:13.927Z] > command requires scopes: ["email","openid","https://www.googleapis.com/auth/cloudplatformprojects.readonly","https://www.googleapis.com/auth/firebase","https://www.googleapis.com/auth/cloud-platform"]
[debug] [2023-04-21T11:08:13.928Z] > authorizing via signed-in user (pra.opash@gmail.com)
[info] 
     ######## #### ########  ######## ########     ###     ######  ########
     ##        ##  ##     ## ##       ##     ##  ##   ##  ##       ##
     ######    ##  ########  ######   ########  #########  ######  ######
     ##        ##  ##    ##  ##       ##     ## ##     ##       ## ##
     ##       #### ##     ## ######## ########  ##     ##  ######  ########

You're about to initialize a Firebase project in this directory:

  C:\prc\REACT JS\fitebaseAuth\firebaseauth

Before we get started, keep in mind:

  * You are currently outside your home directory

[info] 
=== Project Setup
[info] 
[info] First, let's associate this project directory with a Firebase project.
[info] You can create multiple project aliases by running firebase use --add, 
[info] but for now we'll just set up a default project.
[info] 
[debug] [2023-04-21T11:08:42.210Z] > refreshing access token with scopes: []
[debug] [2023-04-21T11:08:42.212Z] >>> [apiv2][query] POST https://www.googleapis.com/oauth2/v3/token [none]
[debug] [2023-04-21T11:08:42.213Z] >>> [apiv2][body] POST https://www.googleapis.com/oauth2/v3/token [omitted]
[debug] [2023-04-21T11:08:42.558Z] <<< [apiv2][status] POST https://www.googleapis.com/oauth2/v3/token 200
[debug] [2023-04-21T11:08:42.558Z] <<< [apiv2][body] POST https://www.googleapis.com/oauth2/v3/token [omitted]
[debug] [2023-04-21T11:08:42.574Z] >>> [apiv2][query] GET https://firebase.googleapis.com/v1beta1/projects pageSize=100
[debug] [2023-04-21T11:08:43.371Z] <<< [apiv2][status] GET https://firebase.googleapis.com/v1beta1/projects 200
[debug] [2023-04-21T11:08:43.371Z] <<< [apiv2][body] GET https://firebase.googleapis.com/v1beta1/projects [omitted]
[info] i  Using project react-auth-248c2 (react-auth) 
[info] 
=== Hosting Setup
[info] 
[info] Your public directory is the folder (relative to your project directory) that
[info] will contain Hosting assets to be uploaded with firebase deploy. If you
[info] have a build process for your assets, use your build's output directory.
[info] 
[info] +  Wrote public/404.html 
[debug] [2023-04-21T11:10:32.572Z] >>> [apiv2][query] GET https://www.gstatic.com/firebasejs/releases.json [none]
[debug] [2023-04-21T11:10:32.759Z] <<< [apiv2][status] GET https://www.gstatic.com/firebasejs/releases.json 200
[debug] [2023-04-21T11:10:32.760Z] <<< [apiv2][body] GET https://www.gstatic.com/firebasejs/releases.json {"current":{"version":"9.20.0","browserURL":"https://www.gstatic.com/firebasejs/9.20.0/firebase.js","packageURL":"https://www.gstatic.com/firebasejs/9.20.0/firebase.tgz"},"live":{"version":"9.20","browserURL":"https://www.gstatic.com/firebasejs/live/9.20/firebase.js","packageURL":"https://www.gstatic.com/firebasejs/live/9.20/firebase.tgz"},"components":{"analytics":"https://www.gstatic.com/firebasejs/9.20.0/firebase-analytics.js","app":"https://www.gstatic.com/firebasejs/9.20.0/firebase-app.js","app-check":"https://www.gstatic.com/firebasejs/9.20.0/firebase-app-check.js","auth":"https://www.gstatic.com/firebasejs/9.20.0/firebase-auth.js","auth/cordova":"https://www.gstatic.com/firebasejs/9.20.0/firebase-auth/cordova.js","auth/react-native":"https://www.gstatic.com/firebasejs/9.20.0/firebase-auth/react-native.js","functions":"https://www.gstatic.com/firebasejs/9.20.0/firebase-functions.js","firestore":"https://www.gstatic.com/firebasejs/9.20.0/firebase-firestore.js","firestore/lite":"https://www.gstatic.com/firebasejs/9.20.0/firebase-firestore/lite.js","installations":"https://www.gstatic.com/firebasejs/9.20.0/firebase-installations.js","storage":"https://www.gstatic.com/firebasejs/9.20.0/firebase-storage.js","performance":"https://www.gstatic.com/firebasejs/9.20.0/firebase-performance.js","remote-config":"https://www.gstatic.com/firebasejs/9.20.0/firebase-remote-config.js","messaging":"https://www.gstatic.com/firebasejs/9.20.0/firebase-messaging.js","messaging/sw":"https://www.gstatic.com/firebasejs/9.20.0/firebase-messaging/sw.js","database":"https://www.gstatic.com/firebasejs/9.20.0/firebase-database.js","firestore.memory":"https://www.gstatic.com/firebasejs/9.20.0/firebase-firestore.memory.js"}}
[info] i  Skipping write of public/index.html 
[info] 
[info] i  Detected a .git folder at C:\prc\REACT JS\fitebaseAuth\firebaseauth 
[info] i  Authorizing with GitHub to upload your service account to a GitHub repository's secrets store. 
[info] 
[info] Visit this URL on this device to log in:
[info] https://github.com/login/oauth/authorize?client_id=89cf50f02ac6aaed3484&state=623220075&redirect_uri=http%3A%2F%2Flocalhost%3A9005&scope=read%3Auser%20repo%20public_repo
[info] 
[info] Waiting for authentication...
[debug] [2023-04-21T11:10:41.707Z] >>> [apiv2][query] POST https://github.com/login/oauth/access_token [none]
[debug] [2023-04-21T11:10:41.707Z] >>> [apiv2][body] POST https://github.com/login/oauth/access_token [stream]
[debug] [2023-04-21T11:10:42.185Z] <<< [apiv2][status] POST https://github.com/login/oauth/access_token 200
[debug] [2023-04-21T11:10:42.185Z] <<< [apiv2][body] POST https://github.com/login/oauth/access_token {"access_token":"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","token_type":"bearer","scope":"read:user,repo"}
[debug] [2023-04-21T11:10:42.209Z] >>> [apiv2][query] GET https://api.github.com/user [none]
[debug] [2023-04-21T11:10:42.654Z] <<< [apiv2][status] GET https://api.github.com/user 200
[debug] [2023-04-21T11:10:42.655Z] <<< [apiv2][body] GET https://api.github.com/user {"login":"pratik-opash","id":126244369,"node_id":"U_kgDOB4ZWEQ","avatar_url":"https://avatars.githubusercontent.com/u/126244369?v=4","gravatar_id":"","url":"https://api.github.com/users/pratik-opash","html_url":"https://github.com/pratik-opash","followers_url":"https://api.github.com/users/pratik-opash/followers","following_url":"https://api.github.com/users/pratik-opash/following{/other_user}","gists_url":"https://api.github.com/users/pratik-opash/gists{/gist_id}","starred_url":"https://api.github.com/users/pratik-opash/starred{/owner}{/repo}","subscriptions_url":"https://api.github.com/users/pratik-opash/subscriptions","organizations_url":"https://api.github.com/users/pratik-opash/orgs","repos_url":"https://api.github.com/users/pratik-opash/repos","events_url":"https://api.github.com/users/pratik-opash/events{/privacy}","received_events_url":"https://api.github.com/users/pratik-opash/received_events","type":"User","site_admin":false,"name":null,"company":null,"blog":"","location":null,"email":null,"hireable":null,"bio":null,"twitter_username":null,"public_repos":4,"public_gists":0,"followers":0,"following":0,"created_at":"2023-02-24T10:05:55Z","updated_at":"2023-03-13T09:09:43Z","private_gists":0,"total_private_repos":7,"owned_private_repos":7,"disk_usage":2918,"collaborators":0,"two_factor_authentication":false,"plan":{"name":"free","space":976562499,"collaborators":0,"private_repos":10000}}
[info] 
[info] +  Success! Logged into GitHub as pratik-opash 
[info] 
